{"C:\\dev\\experiments\\DDD-NUXT\\nuxt-domain-driven-design-demo\\domains\\posts\\types.ts": {"path":"C:\\dev\\experiments\\DDD-NUXT\\nuxt-domain-driven-design-demo\\domains\\posts\\types.ts","all":true,"statementMap":{},"s":{},"branchMap":{"0":{"type":"branch","line":1,"loc":{"start":{"line":1,"column":162},"end":{"line":8,"column":1}},"locations":[{"start":{"line":1,"column":162},"end":{"line":8,"column":1}}]}},"b":{"0":[1]},"fnMap":{"0":{"name":"(empty-report)","decl":{"start":{"line":1,"column":162},"end":{"line":8,"column":1}},"loc":{"start":{"line":1,"column":162},"end":{"line":8,"column":1}},"line":1}},"f":{"0":1}}
,"C:\\dev\\experiments\\DDD-NUXT\\nuxt-domain-driven-design-demo\\domains\\posts\\components\\PostCard.vue": {"path":"C:\\dev\\experiments\\DDD-NUXT\\nuxt-domain-driven-design-demo\\domains\\posts\\components\\PostCard.vue","all":false,"statementMap":{"8":{"start":{"line":9,"column":0},"end":{"line":9,"column":44}},"9":{"start":{"line":10,"column":0},"end":{"line":10,"column":55}},"10":{"start":{"line":11,"column":0},"end":{"line":11,"column":37}},"11":{"start":{"line":12,"column":0},"end":{"line":12,"column":29}},"12":{"start":{"line":13,"column":0},"end":{"line":13,"column":8}}},"s":{"8":1,"9":1,"10":1,"11":1,"12":1},"branchMap":{},"b":{},"fnMap":{},"f":{}}
,"C:\\dev\\experiments\\DDD-NUXT\\nuxt-domain-driven-design-demo\\domains\\posts\\composables\\usePosts.ts": {"path":"C:\\dev\\experiments\\DDD-NUXT\\nuxt-domain-driven-design-demo\\domains\\posts\\composables\\usePosts.ts","all":false,"statementMap":{"1":{"start":{"line":2,"column":0},"end":{"line":2,"column":31}},"2":{"start":{"line":3,"column":0},"end":{"line":3,"column":52}},"4":{"start":{"line":5,"column":0},"end":{"line":5,"column":26}},"5":{"start":{"line":6,"column":0},"end":{"line":6,"column":57}},"6":{"start":{"line":7,"column":0},"end":{"line":7,"column":33}},"7":{"start":{"line":8,"column":0},"end":{"line":8,"column":48}},"8":{"start":{"line":9,"column":0},"end":{"line":9,"column":29}},"9":{"start":{"line":10,"column":0},"end":{"line":10,"column":3}},"10":{"start":{"line":11,"column":0},"end":{"line":11,"column":10}},"11":{"start":{"line":12,"column":0},"end":{"line":12,"column":10}},"12":{"start":{"line":13,"column":0},"end":{"line":13,"column":10}},"13":{"start":{"line":14,"column":0},"end":{"line":14,"column":4}},"14":{"start":{"line":15,"column":0},"end":{"line":15,"column":2}}},"s":{"1":1,"2":3,"4":3,"5":0,"6":0,"7":0,"8":0,"9":0,"10":3,"11":3,"12":3,"13":3,"14":3},"branchMap":{"0":{"type":"branch","line":2,"loc":{"start":{"line":2,"column":24},"end":{"line":15,"column":2}},"locations":[{"start":{"line":2,"column":24},"end":{"line":15,"column":2}}]}},"b":{"0":[3]},"fnMap":{"0":{"name":"usePosts","decl":{"start":{"line":2,"column":24},"end":{"line":15,"column":2}},"loc":{"start":{"line":2,"column":24},"end":{"line":15,"column":2}},"line":2},"1":{"name":"fetch","decl":{"start":{"line":5,"column":2},"end":{"line":10,"column":3}},"loc":{"start":{"line":5,"column":2},"end":{"line":10,"column":3}},"line":5}},"f":{"0":3,"1":0}}
,"C:\\dev\\experiments\\DDD-NUXT\\nuxt-domain-driven-design-demo\\domains\\posts\\pages\\posts\\index.vue": {"path":"C:\\dev\\experiments\\DDD-NUXT\\nuxt-domain-driven-design-demo\\domains\\posts\\pages\\posts\\index.vue","all":true,"statementMap":{"1":{"start":{"line":2,"column":0},"end":{"line":2,"column":36}},"2":{"start":{"line":3,"column":0},"end":{"line":3,"column":14}},"5":{"start":{"line":6,"column":0},"end":{"line":6,"column":33}},"6":{"start":{"line":7,"column":0},"end":{"line":7,"column":40}},"7":{"start":{"line":8,"column":0},"end":{"line":8,"column":20}},"10":{"start":{"line":11,"column":0},"end":{"line":11,"column":67}},"11":{"start":{"line":12,"column":0},"end":{"line":12,"column":30}},"12":{"start":{"line":13,"column":0},"end":{"line":13,"column":7}},"14":{"start":{"line":15,"column":0},"end":{"line":15,"column":8}},"15":{"start":{"line":16,"column":0},"end":{"line":16,"column":8}},"16":{"start":{"line":17,"column":0},"end":{"line":17,"column":47}},"17":{"start":{"line":18,"column":0},"end":{"line":18,"column":33}},"18":{"start":{"line":19,"column":0},"end":{"line":19,"column":11}},"19":{"start":{"line":20,"column":0},"end":{"line":20,"column":9}},"20":{"start":{"line":21,"column":0},"end":{"line":21,"column":8}}},"s":{"1":0,"2":0,"5":0,"6":0,"7":0,"10":0,"11":0,"12":0,"14":0,"15":0,"16":0,"17":0,"18":0,"19":0,"20":0},"branchMap":{"0":{"type":"branch","line":1,"loc":{"start":{"line":1,"column":586},"end":{"line":22,"column":11}},"locations":[{"start":{"line":1,"column":586},"end":{"line":22,"column":11}}]}},"b":{"0":[1]},"fnMap":{"0":{"name":"(empty-report)","decl":{"start":{"line":1,"column":586},"end":{"line":22,"column":11}},"loc":{"start":{"line":1,"column":586},"end":{"line":22,"column":11}},"line":1}},"f":{"0":1}}
,"C:\\dev\\experiments\\DDD-NUXT\\nuxt-domain-driven-design-demo\\domains\\posts\\server\\api\\posts.get.ts": {"path":"C:\\dev\\experiments\\DDD-NUXT\\nuxt-domain-driven-design-demo\\domains\\posts\\server\\api\\posts.get.ts","all":true,"statementMap":{"0":{"start":{"line":1,"column":0},"end":{"line":1,"column":40}},"2":{"start":{"line":3,"column":0},"end":{"line":3,"column":69}},"3":{"start":{"line":4,"column":0},"end":{"line":4,"column":43}},"4":{"start":{"line":5,"column":0},"end":{"line":5,"column":19}},"5":{"start":{"line":6,"column":0},"end":{"line":6,"column":24}},"7":{"start":{"line":8,"column":0},"end":{"line":8,"column":52}},"8":{"start":{"line":9,"column":0},"end":{"line":9,"column":16}},"9":{"start":{"line":10,"column":0},"end":{"line":10,"column":30}},"10":{"start":{"line":11,"column":0},"end":{"line":11,"column":33}},"11":{"start":{"line":12,"column":0},"end":{"line":12,"column":39}},"12":{"start":{"line":13,"column":0},"end":{"line":13,"column":40}},"13":{"start":{"line":14,"column":0},"end":{"line":14,"column":27}},"14":{"start":{"line":15,"column":0},"end":{"line":15,"column":7}},"15":{"start":{"line":16,"column":0},"end":{"line":16,"column":3}},"16":{"start":{"line":17,"column":0},"end":{"line":17,"column":15}},"17":{"start":{"line":18,"column":0},"end":{"line":18,"column":3}}},"s":{"0":0,"2":0,"3":0,"4":0,"5":0,"7":0,"8":0,"9":0,"10":0,"11":0,"12":0,"13":0,"14":0,"15":0,"16":0,"17":0},"branchMap":{"0":{"type":"branch","line":1,"loc":{"start":{"line":1,"column":527},"end":{"line":18,"column":3}},"locations":[{"start":{"line":1,"column":527},"end":{"line":18,"column":3}}]}},"b":{"0":[0]},"fnMap":{"0":{"name":"(empty-report)","decl":{"start":{"line":1,"column":527},"end":{"line":18,"column":3}},"loc":{"start":{"line":1,"column":527},"end":{"line":18,"column":3}},"line":1}},"f":{"0":0}}
,"C:\\dev\\experiments\\DDD-NUXT\\nuxt-domain-driven-design-demo\\domains\\users\\types.ts": {"path":"C:\\dev\\experiments\\DDD-NUXT\\nuxt-domain-driven-design-demo\\domains\\users\\types.ts","all":true,"statementMap":{},"s":{},"branchMap":{"0":{"type":"branch","line":1,"loc":{"start":{"line":1,"column":78},"end":{"line":5,"column":1}},"locations":[{"start":{"line":1,"column":78},"end":{"line":5,"column":1}}]}},"b":{"0":[1]},"fnMap":{"0":{"name":"(empty-report)","decl":{"start":{"line":1,"column":78},"end":{"line":5,"column":1}},"loc":{"start":{"line":1,"column":78},"end":{"line":5,"column":1}},"line":1}},"f":{"0":1}}
,"C:\\dev\\experiments\\DDD-NUXT\\nuxt-domain-driven-design-demo\\domains\\users\\components\\UserProfile.vue": {"path":"C:\\dev\\experiments\\DDD-NUXT\\nuxt-domain-driven-design-demo\\domains\\users\\components\\UserProfile.vue","all":false,"statementMap":{"2":{"start":{"line":3,"column":0},"end":{"line":3,"column":27}},"5":{"start":{"line":6,"column":0},"end":{"line":6,"column":61}},"8":{"start":{"line":9,"column":0},"end":{"line":9,"column":44}},"9":{"start":{"line":10,"column":0},"end":{"line":10,"column":8}},"10":{"start":{"line":11,"column":0},"end":{"line":11,"column":44}},"11":{"start":{"line":12,"column":0},"end":{"line":12,"column":36}},"12":{"start":{"line":13,"column":0},"end":{"line":13,"column":39}},"13":{"start":{"line":14,"column":0},"end":{"line":14,"column":38}},"14":{"start":{"line":15,"column":0},"end":{"line":15,"column":9}},"15":{"start":{"line":16,"column":0},"end":{"line":16,"column":8}}},"s":{"2":1,"5":1,"8":1,"9":1,"10":1,"11":1,"12":1,"13":1,"14":1,"15":1},"branchMap":{"0":{"type":"branch","line":6,"loc":{"start":{"line":6,"column":26},"end":{"line":6,"column":59}},"locations":[{"start":{"line":6,"column":26},"end":{"line":6,"column":59}}]}},"b":{"0":[4]},"fnMap":{},"f":{}}
,"C:\\dev\\experiments\\DDD-NUXT\\nuxt-domain-driven-design-demo\\domains\\users\\composables\\useUsers.ts": {"path":"C:\\dev\\experiments\\DDD-NUXT\\nuxt-domain-driven-design-demo\\domains\\users\\composables\\useUsers.ts","all":false,"statementMap":{"1":{"start":{"line":2,"column":0},"end":{"line":2,"column":31}},"2":{"start":{"line":3,"column":0},"end":{"line":3,"column":52}},"4":{"start":{"line":5,"column":0},"end":{"line":5,"column":26}},"5":{"start":{"line":6,"column":0},"end":{"line":6,"column":57}},"6":{"start":{"line":7,"column":0},"end":{"line":7,"column":33}},"7":{"start":{"line":8,"column":0},"end":{"line":8,"column":48}},"8":{"start":{"line":9,"column":0},"end":{"line":9,"column":29}},"9":{"start":{"line":10,"column":0},"end":{"line":10,"column":3}},"10":{"start":{"line":11,"column":0},"end":{"line":11,"column":10}},"11":{"start":{"line":12,"column":0},"end":{"line":12,"column":10}},"12":{"start":{"line":13,"column":0},"end":{"line":13,"column":10}},"13":{"start":{"line":14,"column":0},"end":{"line":14,"column":4}},"14":{"start":{"line":15,"column":0},"end":{"line":15,"column":2}}},"s":{"1":1,"2":4,"4":4,"5":0,"6":0,"7":0,"8":0,"9":0,"10":4,"11":4,"12":4,"13":4,"14":4},"branchMap":{"0":{"type":"branch","line":2,"loc":{"start":{"line":2,"column":24},"end":{"line":15,"column":2}},"locations":[{"start":{"line":2,"column":24},"end":{"line":15,"column":2}}]}},"b":{"0":[4]},"fnMap":{"0":{"name":"useUsers","decl":{"start":{"line":2,"column":24},"end":{"line":15,"column":2}},"loc":{"start":{"line":2,"column":24},"end":{"line":15,"column":2}},"line":2},"1":{"name":"fetch","decl":{"start":{"line":5,"column":2},"end":{"line":10,"column":3}},"loc":{"start":{"line":5,"column":2},"end":{"line":10,"column":3}},"line":5}},"f":{"0":4,"1":0}}
,"C:\\dev\\experiments\\DDD-NUXT\\nuxt-domain-driven-design-demo\\domains\\users\\pages\\users\\index.vue": {"path":"C:\\dev\\experiments\\DDD-NUXT\\nuxt-domain-driven-design-demo\\domains\\users\\pages\\users\\index.vue","all":true,"statementMap":{"1":{"start":{"line":2,"column":0},"end":{"line":2,"column":36}},"2":{"start":{"line":3,"column":0},"end":{"line":3,"column":14}},"5":{"start":{"line":6,"column":0},"end":{"line":6,"column":33}},"6":{"start":{"line":7,"column":0},"end":{"line":7,"column":40}},"7":{"start":{"line":8,"column":0},"end":{"line":8,"column":20}},"10":{"start":{"line":11,"column":0},"end":{"line":11,"column":67}},"11":{"start":{"line":12,"column":0},"end":{"line":12,"column":30}},"12":{"start":{"line":13,"column":0},"end":{"line":13,"column":7}},"14":{"start":{"line":15,"column":0},"end":{"line":15,"column":8}},"15":{"start":{"line":16,"column":0},"end":{"line":16,"column":8}},"16":{"start":{"line":17,"column":0},"end":{"line":17,"column":53}},"17":{"start":{"line":18,"column":0},"end":{"line":18,"column":36}},"18":{"start":{"line":19,"column":0},"end":{"line":19,"column":11}},"19":{"start":{"line":20,"column":0},"end":{"line":20,"column":9}},"20":{"start":{"line":21,"column":0},"end":{"line":21,"column":8}}},"s":{"1":0,"2":0,"5":0,"6":0,"7":0,"10":0,"11":0,"12":0,"14":0,"15":0,"16":0,"17":0,"18":0,"19":0,"20":0},"branchMap":{"0":{"type":"branch","line":1,"loc":{"start":{"line":1,"column":595},"end":{"line":22,"column":11}},"locations":[{"start":{"line":1,"column":595},"end":{"line":22,"column":11}}]}},"b":{"0":[1]},"fnMap":{"0":{"name":"(empty-report)","decl":{"start":{"line":1,"column":595},"end":{"line":22,"column":11}},"loc":{"start":{"line":1,"column":595},"end":{"line":22,"column":11}},"line":1}},"f":{"0":1}}
,"C:\\dev\\experiments\\DDD-NUXT\\nuxt-domain-driven-design-demo\\domains\\users\\server\\api\\users.get.ts": {"path":"C:\\dev\\experiments\\DDD-NUXT\\nuxt-domain-driven-design-demo\\domains\\users\\server\\api\\users.get.ts","all":true,"statementMap":{"0":{"start":{"line":1,"column":0},"end":{"line":1,"column":40}},"2":{"start":{"line":3,"column":0},"end":{"line":3,"column":69}},"3":{"start":{"line":4,"column":0},"end":{"line":4,"column":19}},"4":{"start":{"line":5,"column":0},"end":{"line":5,"column":24}},"6":{"start":{"line":7,"column":0},"end":{"line":7,"column":52}},"7":{"start":{"line":8,"column":0},"end":{"line":8,"column":16}},"8":{"start":{"line":9,"column":0},"end":{"line":9,"column":42}},"9":{"start":{"line":10,"column":0},"end":{"line":10,"column":36}},"10":{"start":{"line":11,"column":0},"end":{"line":11,"column":36}},"11":{"start":{"line":12,"column":0},"end":{"line":12,"column":7}},"12":{"start":{"line":13,"column":0},"end":{"line":13,"column":3}},"13":{"start":{"line":14,"column":0},"end":{"line":14,"column":15}},"14":{"start":{"line":15,"column":0},"end":{"line":15,"column":3}}},"s":{"0":0,"2":0,"3":0,"4":0,"6":0,"7":0,"8":0,"9":0,"10":0,"11":0,"12":0,"13":0,"14":0},"branchMap":{"0":{"type":"branch","line":1,"loc":{"start":{"line":1,"column":426},"end":{"line":15,"column":3}},"locations":[{"start":{"line":1,"column":426},"end":{"line":15,"column":3}}]}},"b":{"0":[0]},"fnMap":{"0":{"name":"(empty-report)","decl":{"start":{"line":1,"column":426},"end":{"line":15,"column":3}},"loc":{"start":{"line":1,"column":426},"end":{"line":15,"column":3}},"line":1}},"f":{"0":0}}
,"C:\\dev\\experiments\\DDD-NUXT\\nuxt-domain-driven-design-demo\\domains\\users\\utils\\index.ts": {"path":"C:\\dev\\experiments\\DDD-NUXT\\nuxt-domain-driven-design-demo\\domains\\users\\utils\\index.ts","all":true,"statementMap":{"1":{"start":{"line":2,"column":0},"end":{"line":2,"column":59}},"2":{"start":{"line":3,"column":0},"end":{"line":3,"column":18}},"3":{"start":{"line":4,"column":0},"end":{"line":4,"column":15}},"4":{"start":{"line":5,"column":0},"end":{"line":5,"column":27}},"5":{"start":{"line":6,"column":0},"end":{"line":6,"column":14}},"6":{"start":{"line":7,"column":0},"end":{"line":7,"column":1}}},"s":{"1":0,"2":0,"3":0,"4":0,"5":0,"6":0},"branchMap":{"0":{"type":"branch","line":1,"loc":{"start":{"line":1,"column":190},"end":{"line":7,"column":1}},"locations":[{"start":{"line":1,"column":190},"end":{"line":7,"column":1}}]}},"b":{"0":[1]},"fnMap":{"0":{"name":"(empty-report)","decl":{"start":{"line":1,"column":190},"end":{"line":7,"column":1}},"loc":{"start":{"line":1,"column":190},"end":{"line":7,"column":1}},"line":1}},"f":{"0":1}}
}
